<?xml version="1.0" encoding="UTF-8"?>
<!-- Generated by org.testng.reporters.JUnitReportReporter -->
<testsuite skipped="0" hostname="Mini" name="testCases.Verify_Home_Page" tests="1" failures="0" timestamp="11 Jul 2018 14:30:02 GMT" time="39.009" errors="0">
  <testcase name="testHome_page" time="39.009" classname="testCases.Verify_Home_Page"/>
</testsuite> <!-- testCases.Verify_Home_Page -->
